2025-03-12 08:45:00 | INFO | repo=tictactoe | action=commit
2025-11-24 14:12:00 | WARN | repo=tictactoe | action=commit
2025-04-23 16:03:00 | DEBUG | repo=tictactoe | action=edit | files=1
2025-05-17 07:31:00 | WARN | repo=tictactoe | action=commit
2025-08-21 14:27:00 | WARN | repo=tictactoe | action=commit
2025-06-18 19:02:00 | DEBUG | repo=tictactoe | action=commit
2025-12-20 10:57:00 | INFO | repo=tictactoe | action=commit
2025-07-07 21:44:00 | INFO | repo=tictactoe | action=commit
2025-11-16 14:19:00 | INFO | repo=tictactoe | action=commit
2025-02-03 16:48:00 | DEBUG | repo=tictactoe | action=commit
2025-06-02 20:53:00 | INFO | repo=tictactoe | action=commit
2025-04-25 07:13:00 | WARN | repo=tictactoe | action=commit
2025-12-10 21:03:00 | DEBUG | repo=tictactoe | action=commit
2025-03-04 18:22:00 | INFO | repo=tictactoe | action=commit
2025-02-18 10:27:00 | WARN | repo=tictactoe | action=commit
2025-09-02 20:42:00 | WARN | repo=tictactoe | action=commit
2025-11-14 14:27:00 | WARN | repo=tictactoe | action=test | passed=true
2025-05-15 18:15:00 | DEBUG | repo=tictactoe | action=commit
2025-06-13 16:59:00 | INFO | repo=tictactoe | action=commit
2025-03-21 19:14:00 | INFO | repo=tictactoe | action=commit
2025-10-27 08:26:00 | INFO | repo=tictactoe | action=commit
2025-04-07 14:00:00 | WARN | repo=tictactoe | action=commit
2025-09-25 10:07:00 | DEBUG | repo=tictactoe | action=commit
2025-09-21 19:28:00 | WARN | repo=tictactoe | action=commit
2025-01-19 07:41:00 | INFO | repo=tictactoe | action=commit
